<?xml version="1.0" encoding="UTF-8"?>
<testsuite name="com.rainbowsweet.lastdance.LastdanceApplicationTests" tests="1" skipped="0" failures="0" errors="0" timestamp="2023-04-07T18:36:28" hostname="DESKTOP-J83I7LO" time="0.077">
  <properties/>
  <testcase name="contextLoads()" classname="com.rainbowsweet.lastdance.LastdanceApplicationTests" time="0.077"/>
  <system-out><![CDATA[03:36:25.439 [Test worker] DEBUG org.springframework.test.context.BootstrapUtils - Instantiating CacheAwareContextLoaderDelegate from class [org.springframework.test.context.cache.DefaultCacheAwareContextLoaderDelegate]
03:36:25.447 [Test worker] DEBUG org.springframework.test.context.BootstrapUtils - Instantiating BootstrapContext using constructor [public org.springframework.test.context.support.DefaultBootstrapContext(java.lang.Class,org.springframework.test.context.CacheAwareContextLoaderDelegate)]
03:36:25.471 [Test worker] DEBUG org.springframework.test.context.BootstrapUtils - Instantiating TestContextBootstrapper for test class [com.rainbowsweet.lastdance.LastdanceApplicationTests] from class [org.springframework.boot.test.context.SpringBootTestContextBootstrapper]
03:36:25.479 [Test worker] INFO org.springframework.boot.test.context.SpringBootTestContextBootstrapper - Neither @ContextConfiguration nor @ContextHierarchy found for test class [com.rainbowsweet.lastdance.LastdanceApplicationTests], using SpringBootContextLoader
03:36:25.482 [Test worker] DEBUG org.springframework.test.context.support.AbstractContextLoader - Did not detect default resource location for test class [com.rainbowsweet.lastdance.LastdanceApplicationTests]: class path resource [com/rainbowsweet/lastdance/LastdanceApplicationTests-context.xml] does not exist
03:36:25.483 [Test worker] DEBUG org.springframework.test.context.support.AbstractContextLoader - Did not detect default resource location for test class [com.rainbowsweet.lastdance.LastdanceApplicationTests]: class path resource [com/rainbowsweet/lastdance/LastdanceApplicationTestsContext.groovy] does not exist
03:36:25.483 [Test worker] INFO org.springframework.test.context.support.AbstractContextLoader - Could not detect default resource locations for test class [com.rainbowsweet.lastdance.LastdanceApplicationTests]: no resource found for suffixes {-context.xml, Context.groovy}.
03:36:25.483 [Test worker] INFO org.springframework.test.context.support.AnnotationConfigContextLoaderUtils - Could not detect default configuration classes for test class [com.rainbowsweet.lastdance.LastdanceApplicationTests]: LastdanceApplicationTests does not declare any static, non-private, non-final, nested classes annotated with @Configuration.
03:36:25.515 [Test worker] DEBUG org.springframework.test.context.support.ActiveProfilesUtils - Could not find an 'annotation declaring class' for annotation type [org.springframework.test.context.ActiveProfiles] and class [com.rainbowsweet.lastdance.LastdanceApplicationTests]
03:36:25.561 [Test worker] DEBUG org.springframework.context.annotation.ClassPathScanningCandidateComponentProvider - Identified candidate component class: file [D:\chd_data\rainbowsweet\lastdance\build\classes\java\main\com\rainbowsweet\lastdance\LastdanceApplication.class]
03:36:25.562 [Test worker] INFO org.springframework.boot.test.context.SpringBootTestContextBootstrapper - Found @SpringBootConfiguration com.rainbowsweet.lastdance.LastdanceApplication for test class com.rainbowsweet.lastdance.LastdanceApplicationTests
03:36:25.650 [Test worker] DEBUG org.springframework.boot.test.context.SpringBootTestContextBootstrapper - @TestExecutionListeners is not present for class [com.rainbowsweet.lastdance.LastdanceApplicationTests]: using defaults.
03:36:25.650 [Test worker] INFO org.springframework.boot.test.context.SpringBootTestContextBootstrapper - Loaded default TestExecutionListener class names from location [META-INF/spring.factories]: [org.springframework.boot.test.autoconfigure.restdocs.RestDocsTestExecutionListener, org.springframework.boot.test.autoconfigure.web.client.MockRestServiceServerResetTestExecutionListener, org.springframework.boot.test.autoconfigure.web.servlet.MockMvcPrintOnlyOnFailureTestExecutionListener, org.springframework.boot.test.autoconfigure.web.servlet.WebDriverTestExecutionListener, org.springframework.boot.test.autoconfigure.webservices.client.MockWebServiceServerTestExecutionListener, org.springframework.boot.test.mock.mockito.MockitoTestExecutionListener, org.springframework.boot.test.mock.mockito.ResetMocksTestExecutionListener, org.springframework.test.context.web.ServletTestExecutionListener, org.springframework.test.context.support.DirtiesContextBeforeModesTestExecutionListener, org.springframework.test.context.event.ApplicationEventsTestExecutionListener, org.springframework.test.context.support.DependencyInjectionTestExecutionListener, org.springframework.test.context.support.DirtiesContextTestExecutionListener, org.springframework.test.context.transaction.TransactionalTestExecutionListener, org.springframework.test.context.jdbc.SqlScriptsTestExecutionListener, org.springframework.test.context.event.EventPublishingTestExecutionListener]
03:36:25.662 [Test worker] INFO org.springframework.boot.test.context.SpringBootTestContextBootstrapper - Using TestExecutionListeners: [org.springframework.test.context.web.ServletTestExecutionListener@320e400, org.springframework.test.context.support.DirtiesContextBeforeModesTestExecutionListener@5167268, org.springframework.test.context.event.ApplicationEventsTestExecutionListener@1cfd1875, org.springframework.boot.test.mock.mockito.MockitoTestExecutionListener@28c0b664, org.springframework.boot.test.autoconfigure.SpringBootDependencyInjectionTestExecutionListener@2c444798, org.springframework.test.context.support.DirtiesContextTestExecutionListener@1af7f54a, org.springframework.test.context.transaction.TransactionalTestExecutionListener@6ebd78d1, org.springframework.test.context.jdbc.SqlScriptsTestExecutionListener@436390f4, org.springframework.test.context.event.EventPublishingTestExecutionListener@4d157787, org.springframework.boot.test.autoconfigure.restdocs.RestDocsTestExecutionListener@68ed96ca, org.springframework.boot.test.autoconfigure.web.client.MockRestServiceServerResetTestExecutionListener@6d1310f6, org.springframework.boot.test.autoconfigure.web.servlet.MockMvcPrintOnlyOnFailureTestExecutionListener@3228d990, org.springframework.boot.test.autoconfigure.web.servlet.WebDriverTestExecutionListener@54e7391d, org.springframework.boot.test.autoconfigure.webservices.client.MockWebServiceServerTestExecutionListener@50b8ae8d, org.springframework.boot.test.mock.mockito.ResetMocksTestExecutionListener@255990cc]
03:36:25.666 [Test worker] DEBUG org.springframework.test.context.support.AbstractDirtiesContextTestExecutionListener - Before test class: context [DefaultTestContext@ea27e34 testClass = LastdanceApplicationTests, testInstance = [null], testMethod = [null], testException = [null], mergedContextConfiguration = [WebMergedContextConfiguration@33a2499c testClass = LastdanceApplicationTests, locations = '{}', classes = '{class com.rainbowsweet.lastdance.LastdanceApplication}', contextInitializerClasses = '[]', activeProfiles = '{}', propertySourceLocations = '{}', propertySourceProperties = '{org.springframework.boot.test.context.SpringBootTestContextBootstrapper=true}', contextCustomizers = set[org.springframework.boot.test.autoconfigure.actuate.metrics.MetricsExportContextCustomizerFactory$DisableMetricExportContextCustomizer@20a8a64e, org.springframework.boot.test.autoconfigure.properties.PropertyMappingContextCustomizer@0, org.springframework.boot.test.autoconfigure.web.servlet.WebDriverContextCustomizerFactory$Customizer@42f48531, org.springframework.boot.test.context.filter.ExcludeFilterContextCustomizer@4c4d27c8, org.springframework.boot.test.json.DuplicateJsonObjectContextCustomizerFactory$DuplicateJsonObjectContextCustomizer@129b4fe2, org.springframework.boot.test.mock.mockito.MockitoContextCustomizer@0, org.springframework.boot.test.web.client.TestRestTemplateContextCustomizer@ed3068a, org.springframework.boot.test.context.SpringBootTestArgs@1, org.springframework.boot.test.context.SpringBootTestWebEnvironment@102cec62], resourceBasePath = 'src/main/webapp', contextLoader = 'org.springframework.boot.test.context.SpringBootContextLoader', parent = [null]], attributes = map['org.springframework.test.context.web.ServletTestExecutionListener.activateListener' -> true]], class annotated with @DirtiesContext [false] with mode [null].

  .   ____          _            __ _ _
 /\\ / ___'_ __ _ _(_)_ __  __ _ \ \ \ \
( ( )\___ | '_ | '_| | '_ \/ _` | \ \ \ \
 \\/  ___)| |_)| | | | | || (_| |  ) ) ) )
  '  |____| .__|_| |_|_| |_\__, | / / / /
 =========|_|==============|___/=/_/_/_/
 :: Spring Boot ::               (v2.7.10)

2023-04-08 03:36:25.916  INFO 46432 --- [    Test worker] c.r.lastdance.LastdanceApplicationTests  : Starting LastdanceApplicationTests using Java 11.0.18 on DESKTOP-J83I7LO with PID 46432 (started by 82106 in D:\chd_data\rainbowsweet\lastdance)
2023-04-08 03:36:25.917  INFO 46432 --- [    Test worker] c.r.lastdance.LastdanceApplicationTests  : No active profile set, falling back to 1 default profile: "default"
2023-04-08 03:36:26.365  INFO 46432 --- [    Test worker] .s.d.r.c.RepositoryConfigurationDelegate : Bootstrapping Spring Data JPA repositories in DEFAULT mode.
2023-04-08 03:36:26.374  INFO 46432 --- [    Test worker] .s.d.r.c.RepositoryConfigurationDelegate : Finished Spring Data repository scanning in 3 ms. Found 0 JPA repository interfaces.
2023-04-08 03:36:26.834  INFO 46432 --- [    Test worker] o.hibernate.jpa.internal.util.LogHelper  : HHH000204: Processing PersistenceUnitInfo [name: default]
2023-04-08 03:36:26.877  INFO 46432 --- [    Test worker] org.hibernate.Version                    : HHH000412: Hibernate ORM core version 5.5.7.Final
2023-04-08 03:36:27.004  INFO 46432 --- [    Test worker] o.hibernate.annotations.common.Version   : HCANN000001: Hibernate Commons Annotations {5.1.2.Final}
2023-04-08 03:36:27.083  INFO 46432 --- [    Test worker] com.zaxxer.hikari.HikariDataSource       : HikariPool-1 - Starting...
2023-04-08 03:36:27.133  INFO 46432 --- [    Test worker] com.zaxxer.hikari.HikariDataSource       : HikariPool-1 - Start completed.
2023-04-08 03:36:27.159  INFO 46432 --- [    Test worker] org.hibernate.dialect.Dialect            : HHH000400: Using dialect: org.hibernate.dialect.MariaDB106Dialect
Hibernate: 
    
    create table member (
       id bigint not null auto_increment,
        member_id varchar(255),
        primary key (id)
    ) engine=InnoDB
2023-04-08 03:36:27.876  INFO 46432 --- [    Test worker] o.h.e.t.j.p.i.JtaPlatformInitiator       : HHH000490: Using JtaPlatform implementation: [org.hibernate.engine.transaction.jta.platform.internal.NoJtaPlatform]
2023-04-08 03:36:27.882  INFO 46432 --- [    Test worker] j.LocalContainerEntityManagerFactoryBean : Initialized JPA EntityManagerFactory for persistence unit 'default'
2023-04-08 03:36:28.063  WARN 46432 --- [    Test worker] JpaBaseConfiguration$JpaWebConfiguration : spring.jpa.open-in-view is enabled by default. Therefore, database queries may be performed during view rendering. Explicitly configure spring.jpa.open-in-view to disable this warning
2023-04-08 03:36:28.591  INFO 46432 --- [    Test worker] c.r.lastdance.LastdanceApplicationTests  : Started LastdanceApplicationTests in 2.899 seconds (JVM running for 3.782)
]]></system-out>
  <system-err><![CDATA[]]></system-err>
</testsuite>
